{"timestamp":"2025-08-05T14:23:02.742218","level":"info","event":"DAG bundles loaded: dags-folder, example_dags","logger":"airflow.dag_processing.bundles.manager.DagBundlesManager"}
{"timestamp":"2025-08-05T14:23:02.742832","level":"info","event":"Filling up the DagBag from /opt/airflow/dags/etl_utilisateurs.py","logger":"airflow.models.dagbag.DagBag"}
{"timestamp":"2025-08-05T14:23:02.770267Z","level":"info","event":"Task instance is in running state","chan":"stdout","logger":"task"}
{"timestamp":"2025-08-05T14:23:02.770441Z","level":"info","event":" Previous state of the Task instance: TaskInstanceState.QUEUED","chan":"stdout","logger":"task"}
{"timestamp":"2025-08-05T14:23:02.770522Z","level":"info","event":"Current task name:chargement","chan":"stdout","logger":"task"}
{"timestamp":"2025-08-05T14:23:02.770558Z","level":"info","event":"Dag name:etl_utilisateurs","chan":"stdout","logger":"task"}
{"timestamp":"2025-08-05T14:23:02.771568Z","level":"info","event":"💾 Chargement des utilisateurs","chan":"stdout","logger":"task"}
{"timestamp":"2025-08-05T14:23:02.776590Z","level":"info","event":"                       name                      email           ville","chan":"stdout","logger":"task"}
{"timestamp":"2025-08-05T14:23:02.776690Z","level":"info","event":"0             Leanne Graham          Sincere@april.biz     Gwenborough","chan":"stdout","logger":"task"}
{"timestamp":"2025-08-05T14:23:02.776727Z","level":"info","event":"1              Ervin Howell          Shanna@melissa.tv     Wisokyburgh","chan":"stdout","logger":"task"}
{"timestamp":"2025-08-05T14:23:02.776751Z","level":"info","event":"2          Clementine Bauch         Nathan@yesenia.net   McKenziehaven","chan":"stdout","logger":"task"}
{"timestamp":"2025-08-05T14:23:02.776773Z","level":"info","event":"3          Patricia Lebsack  Julianne.OConner@kory.org     South Elvis","chan":"stdout","logger":"task"}
{"timestamp":"2025-08-05T14:23:02.776793Z","level":"info","event":"4          Chelsey Dietrich   Lucio_Hettinger@annie.ca      Roscoeview","chan":"stdout","logger":"task"}
{"timestamp":"2025-08-05T14:23:02.776813Z","level":"info","event":"5      Mrs. Dennis Schulist    Karley_Dach@jasper.info   South Christy","chan":"stdout","logger":"task"}
{"timestamp":"2025-08-05T14:23:02.776834Z","level":"info","event":"6           Kurtis Weissnat     Telly.Hoeger@billy.biz       Howemouth","chan":"stdout","logger":"task"}
{"timestamp":"2025-08-05T14:23:02.776854Z","level":"info","event":"7  Nicholas Runolfsdottir V       Sherwood@rosamond.me       Aliyaview","chan":"stdout","logger":"task"}
{"timestamp":"2025-08-05T14:23:02.776873Z","level":"info","event":"8           Glenna Reichert    Chaim_McDermott@dana.io  Bartholomebury","chan":"stdout","logger":"task"}
{"timestamp":"2025-08-05T14:23:02.776895Z","level":"info","event":"9        Clementina DuBuque     Rey.Padberg@karina.biz     Lebsackbury","chan":"stdout","logger":"task"}
{"timestamp":"2025-08-05T14:23:02.776622","level":"info","event":"Done. Returned value was: None","logger":"airflow.task.operators.airflow.providers.standard.operators.python.PythonOperator"}
{"timestamp":"2025-08-05T14:23:02.795318Z","level":"info","event":"Task instance in success state","chan":"stdout","logger":"task"}
{"timestamp":"2025-08-05T14:23:02.795452Z","level":"info","event":" Previous state of the Task instance: TaskInstanceState.RUNNING","chan":"stdout","logger":"task"}
{"timestamp":"2025-08-05T14:23:02.795526Z","level":"info","event":"Task operator:<Task(PythonOperator): chargement>","chan":"stdout","logger":"task"}
